2022-02-19 18:39:44.901  INFO 11856 --- [main] c.example.demo.UserCreationApplication   : Starting UserCreationApplication using Java 17.0.2 on DESKTOP-RF7UABB with PID 11856 (C:\Users\USH\Desktop\project\1_mc_2\Backend\userCreation\target\classes started by USH in C:\Users\USH\Desktop\project\1_mc_2\Backend\userCreation)
2022-02-19 18:39:44.907  INFO 11856 --- [main] c.example.demo.UserCreationApplication   : No active profile set, falling back to default profiles: default
2022-02-19 18:39:46.373  INFO 11856 --- [main] .s.d.r.c.RepositoryConfigurationDelegate : Bootstrapping Spring Data JPA repositories in DEFAULT mode.
2022-02-19 18:39:46.502  INFO 11856 --- [main] .s.d.r.c.RepositoryConfigurationDelegate : Finished Spring Data repository scanning in 104 ms. Found 1 JPA repository interfaces.
2022-02-19 18:39:47.886  INFO 11856 --- [main] o.s.b.w.embedded.tomcat.TomcatWebServer  : Tomcat initialized with port(s): 8080 (http)
2022-02-19 18:39:47.920  INFO 11856 --- [main] o.apache.catalina.core.StandardService   : Starting service [Tomcat]
2022-02-19 18:39:47.921  INFO 11856 --- [main] org.apache.catalina.core.StandardEngine  : Starting Servlet engine: [Apache Tomcat/9.0.56]
2022-02-19 18:39:48.191  INFO 11856 --- [main] o.a.c.c.C.[Tomcat].[localhost].[/]       : Initializing Spring embedded WebApplicationContext
2022-02-19 18:39:48.192  INFO 11856 --- [main] w.s.c.ServletWebServerApplicationContext : Root WebApplicationContext: initialization completed in 3154 ms
2022-02-19 18:39:48.695  INFO 11856 --- [main] o.hibernate.jpa.internal.util.LogHelper  : HHH000204: Processing PersistenceUnitInfo [name: default]
2022-02-19 18:39:48.862  INFO 11856 --- [main] org.hibernate.Version                    : HHH000412: Hibernate ORM core version 5.6.4.Final
2022-02-19 18:39:49.343  INFO 11856 --- [main] o.hibernate.annotations.common.Version   : HCANN000001: Hibernate Commons Annotations {5.1.2.Final}
2022-02-19 18:39:49.603  INFO 11856 --- [main] com.zaxxer.hikari.HikariDataSource       : HikariPool-1 - Starting...
2022-02-19 18:39:49.984  INFO 11856 --- [main] com.zaxxer.hikari.HikariDataSource       : HikariPool-1 - Start completed.
2022-02-19 18:39:50.042  INFO 11856 --- [main] org.hibernate.dialect.Dialect            : HHH000400: Using dialect: org.hibernate.dialect.MySQL5InnoDBDialect
2022-02-19 18:39:51.504  INFO 11856 --- [main] o.h.e.t.j.p.i.JtaPlatformInitiator       : HHH000490: Using JtaPlatform implementation: [org.hibernate.engine.transaction.jta.platform.internal.NoJtaPlatform]
2022-02-19 18:39:51.529  INFO 11856 --- [main] j.LocalContainerEntityManagerFactoryBean : Initialized JPA EntityManagerFactory for persistence unit 'default'
2022-02-19 18:39:52.101  WARN 11856 --- [main] ConfigServletWebServerApplicationContext : Exception encountered during context initialization - cancelling refresh attempt: org.springframework.beans.factory.UnsatisfiedDependencyException: Error creating bean with name 'userController' defined in file [C:\Users\USH\Desktop\project\1_mc_2\Backend\userCreation\target\classes\com\example\demo\user\controller\UserController.class]: Unsatisfied dependency expressed through constructor parameter 0; nested exception is org.springframework.beans.factory.BeanCreationException: Error creating bean with name 'userServiceImpl' defined in file [C:\Users\USH\Desktop\project\1_mc_2\Backend\userCreation\target\classes\com\example\demo\user\service\impl\UserServiceImpl.class]: Bean instantiation via constructor failed; nested exception is org.springframework.beans.BeanInstantiationException: Failed to instantiate [com.example.demo.user.service.impl.UserServiceImpl]: Constructor threw exception; nested exception is java.lang.Error: Unresolved compilation problems: 
	The import com.example.demo.user.exception cannot be resolved
	ResourceNotFoundException cannot be resolved to a type
	The method orElseThrow(Supplier<? extends X>) in the type Optional<User> is not applicable for the arguments (() -> {})
	ResourceNotFoundException cannot be resolved to a type
	The method getUsername(String) in the type User is not applicable for the arguments ()
	The method getPassword(String) in the type User is not applicable for the arguments ()
	The method getDisplayName(String) in the type User is not applicable for the arguments ()
	The method orElseThrow(Supplier<? extends X>) in the type Optional<User> is not applicable for the arguments (() -> {})
	ResourceNotFoundException cannot be resolved to a type

2022-02-19 18:39:52.103  INFO 11856 --- [main] j.LocalContainerEntityManagerFactoryBean : Closing JPA EntityManagerFactory for persistence unit 'default'
2022-02-19 18:39:52.110  INFO 11856 --- [main] com.zaxxer.hikari.HikariDataSource       : HikariPool-1 - Shutdown initiated...
2022-02-19 18:39:52.137  INFO 11856 --- [main] com.zaxxer.hikari.HikariDataSource       : HikariPool-1 - Shutdown completed.
2022-02-19 18:39:52.140  INFO 11856 --- [main] o.apache.catalina.core.StandardService   : Stopping service [Tomcat]
2022-02-19 18:39:52.172  INFO 11856 --- [main] ConditionEvaluationReportLoggingListener : 

Error starting ApplicationContext. To display the conditions report re-run your application with 'debug' enabled.
2022-02-19 18:39:52.227 ERROR 11856 --- [main] o.s.boot.SpringApplication               : Application run failed

org.springframework.beans.factory.UnsatisfiedDependencyException: Error creating bean with name 'userController' defined in file [C:\Users\USH\Desktop\project\1_mc_2\Backend\userCreation\target\classes\com\example\demo\user\controller\UserController.class]: Unsatisfied dependency expressed through constructor parameter 0; nested exception is org.springframework.beans.factory.BeanCreationException: Error creating bean with name 'userServiceImpl' defined in file [C:\Users\USH\Desktop\project\1_mc_2\Backend\userCreation\target\classes\com\example\demo\user\service\impl\UserServiceImpl.class]: Bean instantiation via constructor failed; nested exception is org.springframework.beans.BeanInstantiationException: Failed to instantiate [com.example.demo.user.service.impl.UserServiceImpl]: Constructor threw exception; nested exception is java.lang.Error: Unresolved compilation problems: 
	The import com.example.demo.user.exception cannot be resolved
	ResourceNotFoundException cannot be resolved to a type
	The method orElseThrow(Supplier<? extends X>) in the type Optional<User> is not applicable for the arguments (() -> {})
	ResourceNotFoundException cannot be resolved to a type
	The method getUsername(String) in the type User is not applicable for the arguments ()
	The method getPassword(String) in the type User is not applicable for the arguments ()
	The method getDisplayName(String) in the type User is not applicable for the arguments ()
	The method orElseThrow(Supplier<? extends X>) in the type Optional<User> is not applicable for the arguments (() -> {})
	ResourceNotFoundException cannot be resolved to a type

	at org.springframework.beans.factory.support.ConstructorResolver.createArgumentArray(ConstructorResolver.java:800) ~[spring-beans-5.3.15.jar:5.3.15]
	at org.springframework.beans.factory.support.ConstructorResolver.autowireConstructor(ConstructorResolver.java:229) ~[spring-beans-5.3.15.jar:5.3.15]
	at org.springframework.beans.factory.support.AbstractAutowireCapableBeanFactory.autowireConstructor(AbstractAutowireCapableBeanFactory.java:1372) ~[spring-beans-5.3.15.jar:5.3.15]
	at org.springframework.beans.factory.support.AbstractAutowireCapableBeanFactory.createBeanInstance(AbstractAutowireCapableBeanFactory.java:1222) ~[spring-beans-5.3.15.jar:5.3.15]
	at org.springframework.beans.factory.support.AbstractAutowireCapableBeanFactory.doCreateBean(AbstractAutowireCapableBeanFactory.java:582) ~[spring-beans-5.3.15.jar:5.3.15]
	at org.springframework.beans.factory.support.AbstractAutowireCapableBeanFactory.createBean(AbstractAutowireCapableBeanFactory.java:542) ~[spring-beans-5.3.15.jar:5.3.15]
	at org.springframework.beans.factory.support.AbstractBeanFactory.lambda$doGetBean$0(AbstractBeanFactory.java:335) ~[spring-beans-5.3.15.jar:5.3.15]
	at org.springframework.beans.factory.support.DefaultSingletonBeanRegistry.getSingleton(DefaultSingletonBeanRegistry.java:234) ~[spring-beans-5.3.15.jar:5.3.15]
	at org.springframework.beans.factory.support.AbstractBeanFactory.doGetBean(AbstractBeanFactory.java:333) ~[spring-beans-5.3.15.jar:5.3.15]
	at org.springframework.beans.factory.support.AbstractBeanFactory.getBean(AbstractBeanFactory.java:208) ~[spring-beans-5.3.15.jar:5.3.15]
	at org.springframework.beans.factory.support.DefaultListableBeanFactory.preInstantiateSingletons(DefaultListableBeanFactory.java:953) ~[spring-beans-5.3.15.jar:5.3.15]
	at org.springframework.context.support.AbstractApplicationContext.finishBeanFactoryInitialization(AbstractApplicationContext.java:918) ~[spring-context-5.3.15.jar:5.3.15]
	at org.springframework.context.support.AbstractApplicationContext.refresh(AbstractApplicationContext.java:583) ~[spring-context-5.3.15.jar:5.3.15]
	at org.springframework.boot.web.servlet.context.ServletWebServerApplicationContext.refresh(ServletWebServerApplicationContext.java:145) ~[spring-boot-2.6.3.jar:2.6.3]
	at org.springframework.boot.SpringApplication.refresh(SpringApplication.java:732) ~[spring-boot-2.6.3.jar:2.6.3]
	at org.springframework.boot.SpringApplication.refreshContext(SpringApplication.java:414) ~[spring-boot-2.6.3.jar:2.6.3]
	at org.springframework.boot.SpringApplication.run(SpringApplication.java:302) ~[spring-boot-2.6.3.jar:2.6.3]
	at org.springframework.boot.SpringApplication.run(SpringApplication.java:1303) ~[spring-boot-2.6.3.jar:2.6.3]
	at org.springframework.boot.SpringApplication.run(SpringApplication.java:1292) ~[spring-boot-2.6.3.jar:2.6.3]
	at com.example.demo.UserCreationApplication.main(UserCreationApplication.java:12) ~[classes/:na]
Caused by: org.springframework.beans.factory.BeanCreationException: Error creating bean with name 'userServiceImpl' defined in file [C:\Users\USH\Desktop\project\1_mc_2\Backend\userCreation\target\classes\com\example\demo\user\service\impl\UserServiceImpl.class]: Bean instantiation via constructor failed; nested exception is org.springframework.beans.BeanInstantiationException: Failed to instantiate [com.example.demo.user.service.impl.UserServiceImpl]: Constructor threw exception; nested exception is java.lang.Error: Unresolved compilation problems: 
	The import com.example.demo.user.exception cannot be resolved
	ResourceNotFoundException cannot be resolved to a type
	The method orElseThrow(Supplier<? extends X>) in the type Optional<User> is not applicable for the arguments (() -> {})
	ResourceNotFoundException cannot be resolved to a type
	The method getUsername(String) in the type User is not applicable for the arguments ()
	The method getPassword(String) in the type User is not applicable for the arguments ()
	The method getDisplayName(String) in the type User is not applicable for the arguments ()
	The method orElseThrow(Supplier<? extends X>) in the type Optional<User> is not applicable for the arguments (() -> {})
	ResourceNotFoundException cannot be resolved to a type

	at org.springframework.beans.factory.support.ConstructorResolver.instantiate(ConstructorResolver.java:315) ~[spring-beans-5.3.15.jar:5.3.15]
	at org.springframework.beans.factory.support.ConstructorResolver.autowireConstructor(ConstructorResolver.java:296) ~[spring-beans-5.3.15.jar:5.3.15]
	at org.springframework.beans.factory.support.AbstractAutowireCapableBeanFactory.autowireConstructor(AbstractAutowireCapableBeanFactory.java:1372) ~[spring-beans-5.3.15.jar:5.3.15]
	at org.springframework.beans.factory.support.AbstractAutowireCapableBeanFactory.createBeanInstance(AbstractAutowireCapableBeanFactory.java:1222) ~[spring-beans-5.3.15.jar:5.3.15]
	at org.springframework.beans.factory.support.AbstractAutowireCapableBeanFactory.doCreateBean(AbstractAutowireCapableBeanFactory.java:582) ~[spring-beans-5.3.15.jar:5.3.15]
	at org.springframework.beans.factory.support.AbstractAutowireCapableBeanFactory.createBean(AbstractAutowireCapableBeanFactory.java:542) ~[spring-beans-5.3.15.jar:5.3.15]
	at org.springframework.beans.factory.support.AbstractBeanFactory.lambda$doGetBean$0(AbstractBeanFactory.java:335) ~[spring-beans-5.3.15.jar:5.3.15]
	at org.springframework.beans.factory.support.DefaultSingletonBeanRegistry.getSingleton(DefaultSingletonBeanRegistry.java:234) ~[spring-beans-5.3.15.jar:5.3.15]
	at org.springframework.beans.factory.support.AbstractBeanFactory.doGetBean(AbstractBeanFactory.java:333) ~[spring-beans-5.3.15.jar:5.3.15]
	at org.springframework.beans.factory.support.AbstractBeanFactory.getBean(AbstractBeanFactory.java:208) ~[spring-beans-5.3.15.jar:5.3.15]
	at org.springframework.beans.factory.config.DependencyDescriptor.resolveCandidate(DependencyDescriptor.java:276) ~[spring-beans-5.3.15.jar:5.3.15]
	at org.springframework.beans.factory.support.DefaultListableBeanFactory.doResolveDependency(DefaultListableBeanFactory.java:1389) ~[spring-beans-5.3.15.jar:5.3.15]
	at org.springframework.beans.factory.support.DefaultListableBeanFactory.resolveDependency(DefaultListableBeanFactory.java:1309) ~[spring-beans-5.3.15.jar:5.3.15]
	at org.springframework.beans.factory.support.ConstructorResolver.resolveAutowiredArgument(ConstructorResolver.java:887) ~[spring-beans-5.3.15.jar:5.3.15]
	at org.springframework.beans.factory.support.ConstructorResolver.createArgumentArray(ConstructorResolver.java:791) ~[spring-beans-5.3.15.jar:5.3.15]
	... 19 common frames omitted
Caused by: org.springframework.beans.BeanInstantiationException: Failed to instantiate [com.example.demo.user.service.impl.UserServiceImpl]: Constructor threw exception; nested exception is java.lang.Error: Unresolved compilation problems: 
	The import com.example.demo.user.exception cannot be resolved
	ResourceNotFoundException cannot be resolved to a type
	The method orElseThrow(Supplier<? extends X>) in the type Optional<User> is not applicable for the arguments (() -> {})
	ResourceNotFoundException cannot be resolved to a type
	The method getUsername(String) in the type User is not applicable for the arguments ()
	The method getPassword(String) in the type User is not applicable for the arguments ()
	The method getDisplayName(String) in the type User is not applicable for the arguments ()
	The method orElseThrow(Supplier<? extends X>) in the type Optional<User> is not applicable for the arguments (() -> {})
	ResourceNotFoundException cannot be resolved to a type

	at org.springframework.beans.BeanUtils.instantiateClass(BeanUtils.java:224) ~[spring-beans-5.3.15.jar:5.3.15]
	at org.springframework.beans.factory.support.SimpleInstantiationStrategy.instantiate(SimpleInstantiationStrategy.java:117) ~[spring-beans-5.3.15.jar:5.3.15]
	at org.springframework.beans.factory.support.ConstructorResolver.instantiate(ConstructorResolver.java:311) ~[spring-beans-5.3.15.jar:5.3.15]
	... 33 common frames omitted
Caused by: java.lang.Error: Unresolved compilation problems: 
	The import com.example.demo.user.exception cannot be resolved
	ResourceNotFoundException cannot be resolved to a type
	The method orElseThrow(Supplier<? extends X>) in the type Optional<User> is not applicable for the arguments (() -> {})
	ResourceNotFoundException cannot be resolved to a type
	The method getUsername(String) in the type User is not applicable for the arguments ()
	The method getPassword(String) in the type User is not applicable for the arguments ()
	The method getDisplayName(String) in the type User is not applicable for the arguments ()
	The method orElseThrow(Supplier<? extends X>) in the type Optional<User> is not applicable for the arguments (() -> {})
	ResourceNotFoundException cannot be resolved to a type

	at com.example.demo.user.service.impl.UserServiceImpl.<init>(UserServiceImpl.java:4) ~[classes/:na]
	at java.base/jdk.internal.reflect.NativeConstructorAccessorImpl.newInstance0(Native Method) ~[na:na]
	at java.base/jdk.internal.reflect.NativeConstructorAccessorImpl.newInstance(NativeConstructorAccessorImpl.java:77) ~[na:na]
	at java.base/jdk.internal.reflect.DelegatingConstructorAccessorImpl.newInstance(DelegatingConstructorAccessorImpl.java:45) ~[na:na]
	at java.base/java.lang.reflect.Constructor.newInstanceWithCaller(Constructor.java:499) ~[na:na]
	at java.base/java.lang.reflect.Constructor.newInstance(Constructor.java:480) ~[na:na]
	at org.springframework.beans.BeanUtils.instantiateClass(BeanUtils.java:211) ~[spring-beans-5.3.15.jar:5.3.15]
	... 35 common frames omitted

2022-02-19 18:42:30.871  INFO 7996 --- [main] c.example.demo.UserCreationApplication   : Starting UserCreationApplication using Java 17.0.2 on DESKTOP-RF7UABB with PID 7996 (C:\Users\USH\Desktop\project\1_mc_2\Backend\userCreation\target\classes started by USH in C:\Users\USH\Desktop\project\1_mc_2\Backend\userCreation)
2022-02-19 18:42:30.882  INFO 7996 --- [main] c.example.demo.UserCreationApplication   : No active profile set, falling back to default profiles: default
2022-02-19 18:42:34.028  INFO 7996 --- [main] .s.d.r.c.RepositoryConfigurationDelegate : Bootstrapping Spring Data JPA repositories in DEFAULT mode.
2022-02-19 18:42:34.271  INFO 7996 --- [main] .s.d.r.c.RepositoryConfigurationDelegate : Finished Spring Data repository scanning in 202 ms. Found 1 JPA repository interfaces.
2022-02-19 18:42:36.481  INFO 7996 --- [main] o.s.b.w.embedded.tomcat.TomcatWebServer  : Tomcat initialized with port(s): 8080 (http)
2022-02-19 18:42:36.533  INFO 7996 --- [main] o.apache.catalina.core.StandardService   : Starting service [Tomcat]
2022-02-19 18:42:36.544  INFO 7996 --- [main] org.apache.catalina.core.StandardEngine  : Starting Servlet engine: [Apache Tomcat/9.0.56]
2022-02-19 18:42:37.134  INFO 7996 --- [main] o.a.c.c.C.[Tomcat].[localhost].[/]       : Initializing Spring embedded WebApplicationContext
2022-02-19 18:42:37.136  INFO 7996 --- [main] w.s.c.ServletWebServerApplicationContext : Root WebApplicationContext: initialization completed in 6070 ms
2022-02-19 18:42:37.989  INFO 7996 --- [main] o.hibernate.jpa.internal.util.LogHelper  : HHH000204: Processing PersistenceUnitInfo [name: default]
2022-02-19 18:42:38.217  INFO 7996 --- [main] org.hibernate.Version                    : HHH000412: Hibernate ORM core version 5.6.4.Final
2022-02-19 18:42:39.122  INFO 7996 --- [main] o.hibernate.annotations.common.Version   : HCANN000001: Hibernate Commons Annotations {5.1.2.Final}
2022-02-19 18:42:39.623  INFO 7996 --- [main] com.zaxxer.hikari.HikariDataSource       : HikariPool-1 - Starting...
2022-02-19 18:42:40.284  INFO 7996 --- [main] com.zaxxer.hikari.HikariDataSource       : HikariPool-1 - Start completed.
2022-02-19 18:42:40.375  INFO 7996 --- [main] org.hibernate.dialect.Dialect            : HHH000400: Using dialect: org.hibernate.dialect.MySQL5InnoDBDialect
2022-02-19 18:42:43.861  INFO 7996 --- [main] o.h.e.t.j.p.i.JtaPlatformInitiator       : HHH000490: Using JtaPlatform implementation: [org.hibernate.engine.transaction.jta.platform.internal.NoJtaPlatform]
2022-02-19 18:42:43.893  INFO 7996 --- [main] j.LocalContainerEntityManagerFactoryBean : Initialized JPA EntityManagerFactory for persistence unit 'default'
2022-02-19 18:42:44.842  WARN 7996 --- [main] ConfigServletWebServerApplicationContext : Exception encountered during context initialization - cancelling refresh attempt: org.springframework.beans.factory.UnsatisfiedDependencyException: Error creating bean with name 'userController' defined in file [C:\Users\USH\Desktop\project\1_mc_2\Backend\userCreation\target\classes\com\example\demo\user\controller\UserController.class]: Unsatisfied dependency expressed through constructor parameter 0; nested exception is org.springframework.beans.factory.BeanCreationException: Error creating bean with name 'userServiceImpl' defined in file [C:\Users\USH\Desktop\project\1_mc_2\Backend\userCreation\target\classes\com\example\demo\user\service\impl\UserServiceImpl.class]: Bean instantiation via constructor failed; nested exception is org.springframework.beans.BeanInstantiationException: Failed to instantiate [com.example.demo.user.service.impl.UserServiceImpl]: Constructor threw exception; nested exception is java.lang.Error: Unresolved compilation problems: 
	The import com.example.demo.user.exception cannot be resolved
	ResourceNotFoundException cannot be resolved to a type
	The method orElseThrow(Supplier<? extends X>) in the type Optional<User> is not applicable for the arguments (() -> {})
	ResourceNotFoundException cannot be resolved to a type
	The method getUsername() is undefined for the type User
	The method getEmail() is undefined for the type User
	The method getPassword() is undefined for the type User
	The method getDisplayName() is undefined for the type User
	The method orElseThrow(Supplier<? extends X>) in the type Optional<User> is not applicable for the arguments (() -> {})
	ResourceNotFoundException cannot be resolved to a type

2022-02-19 18:42:44.847  INFO 7996 --- [main] j.LocalContainerEntityManagerFactoryBean : Closing JPA EntityManagerFactory for persistence unit 'default'
2022-02-19 18:42:44.857  INFO 7996 --- [main] com.zaxxer.hikari.HikariDataSource       : HikariPool-1 - Shutdown initiated...
2022-02-19 18:42:44.894  INFO 7996 --- [main] com.zaxxer.hikari.HikariDataSource       : HikariPool-1 - Shutdown completed.
2022-02-19 18:42:44.925  INFO 7996 --- [main] o.apache.catalina.core.StandardService   : Stopping service [Tomcat]
2022-02-19 18:42:45.190  INFO 7996 --- [main] ConditionEvaluationReportLoggingListener : 

Error starting ApplicationContext. To display the conditions report re-run your application with 'debug' enabled.
2022-02-19 18:42:45.284 ERROR 7996 --- [main] o.s.boot.SpringApplication               : Application run failed

org.springframework.beans.factory.UnsatisfiedDependencyException: Error creating bean with name 'userController' defined in file [C:\Users\USH\Desktop\project\1_mc_2\Backend\userCreation\target\classes\com\example\demo\user\controller\UserController.class]: Unsatisfied dependency expressed through constructor parameter 0; nested exception is org.springframework.beans.factory.BeanCreationException: Error creating bean with name 'userServiceImpl' defined in file [C:\Users\USH\Desktop\project\1_mc_2\Backend\userCreation\target\classes\com\example\demo\user\service\impl\UserServiceImpl.class]: Bean instantiation via constructor failed; nested exception is org.springframework.beans.BeanInstantiationException: Failed to instantiate [com.example.demo.user.service.impl.UserServiceImpl]: Constructor threw exception; nested exception is java.lang.Error: Unresolved compilation problems: 
	The import com.example.demo.user.exception cannot be resolved
	ResourceNotFoundException cannot be resolved to a type
	The method orElseThrow(Supplier<? extends X>) in the type Optional<User> is not applicable for the arguments (() -> {})
	ResourceNotFoundException cannot be resolved to a type
	The method getUsername() is undefined for the type User
	The method getEmail() is undefined for the type User
	The method getPassword() is undefined for the type User
	The method getDisplayName() is undefined for the type User
	The method orElseThrow(Supplier<? extends X>) in the type Optional<User> is not applicable for the arguments (() -> {})
	ResourceNotFoundException cannot be resolved to a type

	at org.springframework.beans.factory.support.ConstructorResolver.createArgumentArray(ConstructorResolver.java:800) ~[spring-beans-5.3.15.jar:5.3.15]
	at org.springframework.beans.factory.support.ConstructorResolver.autowireConstructor(ConstructorResolver.java:229) ~[spring-beans-5.3.15.jar:5.3.15]
	at org.springframework.beans.factory.support.AbstractAutowireCapableBeanFactory.autowireConstructor(AbstractAutowireCapableBeanFactory.java:1372) ~[spring-beans-5.3.15.jar:5.3.15]
	at org.springframework.beans.factory.support.AbstractAutowireCapableBeanFactory.createBeanInstance(AbstractAutowireCapableBeanFactory.java:1222) ~[spring-beans-5.3.15.jar:5.3.15]
	at org.springframework.beans.factory.support.AbstractAutowireCapableBeanFactory.doCreateBean(AbstractAutowireCapableBeanFactory.java:582) ~[spring-beans-5.3.15.jar:5.3.15]
	at org.springframework.beans.factory.support.AbstractAutowireCapableBeanFactory.createBean(AbstractAutowireCapableBeanFactory.java:542) ~[spring-beans-5.3.15.jar:5.3.15]
	at org.springframework.beans.factory.support.AbstractBeanFactory.lambda$doGetBean$0(AbstractBeanFactory.java:335) ~[spring-beans-5.3.15.jar:5.3.15]
	at org.springframework.beans.factory.support.DefaultSingletonBeanRegistry.getSingleton(DefaultSingletonBeanRegistry.java:234) ~[spring-beans-5.3.15.jar:5.3.15]
	at org.springframework.beans.factory.support.AbstractBeanFactory.doGetBean(AbstractBeanFactory.java:333) ~[spring-beans-5.3.15.jar:5.3.15]
	at org.springframework.beans.factory.support.AbstractBeanFactory.getBean(AbstractBeanFactory.java:208) ~[spring-beans-5.3.15.jar:5.3.15]
	at org.springframework.beans.factory.support.DefaultListableBeanFactory.preInstantiateSingletons(DefaultListableBeanFactory.java:953) ~[spring-beans-5.3.15.jar:5.3.15]
	at org.springframework.context.support.AbstractApplicationContext.finishBeanFactoryInitialization(AbstractApplicationContext.java:918) ~[spring-context-5.3.15.jar:5.3.15]
	at org.springframework.context.support.AbstractApplicationContext.refresh(AbstractApplicationContext.java:583) ~[spring-context-5.3.15.jar:5.3.15]
	at org.springframework.boot.web.servlet.context.ServletWebServerApplicationContext.refresh(ServletWebServerApplicationContext.java:145) ~[spring-boot-2.6.3.jar:2.6.3]
	at org.springframework.boot.SpringApplication.refresh(SpringApplication.java:732) ~[spring-boot-2.6.3.jar:2.6.3]
	at org.springframework.boot.SpringApplication.refreshContext(SpringApplication.java:414) ~[spring-boot-2.6.3.jar:2.6.3]
	at org.springframework.boot.SpringApplication.run(SpringApplication.java:302) ~[spring-boot-2.6.3.jar:2.6.3]
	at org.springframework.boot.SpringApplication.run(SpringApplication.java:1303) ~[spring-boot-2.6.3.jar:2.6.3]
	at org.springframework.boot.SpringApplication.run(SpringApplication.java:1292) ~[spring-boot-2.6.3.jar:2.6.3]
	at com.example.demo.UserCreationApplication.main(UserCreationApplication.java:12) ~[classes/:na]
Caused by: org.springframework.beans.factory.BeanCreationException: Error creating bean with name 'userServiceImpl' defined in file [C:\Users\USH\Desktop\project\1_mc_2\Backend\userCreation\target\classes\com\example\demo\user\service\impl\UserServiceImpl.class]: Bean instantiation via constructor failed; nested exception is org.springframework.beans.BeanInstantiationException: Failed to instantiate [com.example.demo.user.service.impl.UserServiceImpl]: Constructor threw exception; nested exception is java.lang.Error: Unresolved compilation problems: 
	The import com.example.demo.user.exception cannot be resolved
	ResourceNotFoundException cannot be resolved to a type
	The method orElseThrow(Supplier<? extends X>) in the type Optional<User> is not applicable for the arguments (() -> {})
	ResourceNotFoundException cannot be resolved to a type
	The method getUsername() is undefined for the type User
	The method getEmail() is undefined for the type User
	The method getPassword() is undefined for the type User
	The method getDisplayName() is undefined for the type User
	The method orElseThrow(Supplier<? extends X>) in the type Optional<User> is not applicable for the arguments (() -> {})
	ResourceNotFoundException cannot be resolved to a type

	at org.springframework.beans.factory.support.ConstructorResolver.instantiate(ConstructorResolver.java:315) ~[spring-beans-5.3.15.jar:5.3.15]
	at org.springframework.beans.factory.support.ConstructorResolver.autowireConstructor(ConstructorResolver.java:296) ~[spring-beans-5.3.15.jar:5.3.15]
	at org.springframework.beans.factory.support.AbstractAutowireCapableBeanFactory.autowireConstructor(AbstractAutowireCapableBeanFactory.java:1372) ~[spring-beans-5.3.15.jar:5.3.15]
	at org.springframework.beans.factory.support.AbstractAutowireCapableBeanFactory.createBeanInstance(AbstractAutowireCapableBeanFactory.java:1222) ~[spring-beans-5.3.15.jar:5.3.15]
	at org.springframework.beans.factory.support.AbstractAutowireCapableBeanFactory.doCreateBean(AbstractAutowireCapableBeanFactory.java:582) ~[spring-beans-5.3.15.jar:5.3.15]
	at org.springframework.beans.factory.support.AbstractAutowireCapableBeanFactory.createBean(AbstractAutowireCapableBeanFactory.java:542) ~[spring-beans-5.3.15.jar:5.3.15]
	at org.springframework.beans.factory.support.AbstractBeanFactory.lambda$doGetBean$0(AbstractBeanFactory.java:335) ~[spring-beans-5.3.15.jar:5.3.15]
	at org.springframework.beans.factory.support.DefaultSingletonBeanRegistry.getSingleton(DefaultSingletonBeanRegistry.java:234) ~[spring-beans-5.3.15.jar:5.3.15]
	at org.springframework.beans.factory.support.AbstractBeanFactory.doGetBean(AbstractBeanFactory.java:333) ~[spring-beans-5.3.15.jar:5.3.15]
	at org.springframework.beans.factory.support.AbstractBeanFactory.getBean(AbstractBeanFactory.java:208) ~[spring-beans-5.3.15.jar:5.3.15]
	at org.springframework.beans.factory.config.DependencyDescriptor.resolveCandidate(DependencyDescriptor.java:276) ~[spring-beans-5.3.15.jar:5.3.15]
	at org.springframework.beans.factory.support.DefaultListableBeanFactory.doResolveDependency(DefaultListableBeanFactory.java:1389) ~[spring-beans-5.3.15.jar:5.3.15]
	at org.springframework.beans.factory.support.DefaultListableBeanFactory.resolveDependency(DefaultListableBeanFactory.java:1309) ~[spring-beans-5.3.15.jar:5.3.15]
	at org.springframework.beans.factory.support.ConstructorResolver.resolveAutowiredArgument(ConstructorResolver.java:887) ~[spring-beans-5.3.15.jar:5.3.15]
	at org.springframework.beans.factory.support.ConstructorResolver.createArgumentArray(ConstructorResolver.java:791) ~[spring-beans-5.3.15.jar:5.3.15]
	... 19 common frames omitted
Caused by: org.springframework.beans.BeanInstantiationException: Failed to instantiate [com.example.demo.user.service.impl.UserServiceImpl]: Constructor threw exception; nested exception is java.lang.Error: Unresolved compilation problems: 
	The import com.example.demo.user.exception cannot be resolved
	ResourceNotFoundException cannot be resolved to a type
	The method orElseThrow(Supplier<? extends X>) in the type Optional<User> is not applicable for the arguments (() -> {})
	ResourceNotFoundException cannot be resolved to a type
	The method getUsername() is undefined for the type User
	The method getEmail() is undefined for the type User
	The method getPassword() is undefined for the type User
	The method getDisplayName() is undefined for the type User
	The method orElseThrow(Supplier<? extends X>) in the type Optional<User> is not applicable for the arguments (() -> {})
	ResourceNotFoundException cannot be resolved to a type

	at org.springframework.beans.BeanUtils.instantiateClass(BeanUtils.java:224) ~[spring-beans-5.3.15.jar:5.3.15]
	at org.springframework.beans.factory.support.SimpleInstantiationStrategy.instantiate(SimpleInstantiationStrategy.java:117) ~[spring-beans-5.3.15.jar:5.3.15]
	at org.springframework.beans.factory.support.ConstructorResolver.instantiate(ConstructorResolver.java:311) ~[spring-beans-5.3.15.jar:5.3.15]
	... 33 common frames omitted
Caused by: java.lang.Error: Unresolved compilation problems: 
	The import com.example.demo.user.exception cannot be resolved
	ResourceNotFoundException cannot be resolved to a type
	The method orElseThrow(Supplier<? extends X>) in the type Optional<User> is not applicable for the arguments (() -> {})
	ResourceNotFoundException cannot be resolved to a type
	The method getUsername() is undefined for the type User
	The method getEmail() is undefined for the type User
	The method getPassword() is undefined for the type User
	The method getDisplayName() is undefined for the type User
	The method orElseThrow(Supplier<? extends X>) in the type Optional<User> is not applicable for the arguments (() -> {})
	ResourceNotFoundException cannot be resolved to a type

	at com.example.demo.user.service.impl.UserServiceImpl.<init>(UserServiceImpl.java:4) ~[classes/:na]
	at java.base/jdk.internal.reflect.NativeConstructorAccessorImpl.newInstance0(Native Method) ~[na:na]
	at java.base/jdk.internal.reflect.NativeConstructorAccessorImpl.newInstance(NativeConstructorAccessorImpl.java:77) ~[na:na]
	at java.base/jdk.internal.reflect.DelegatingConstructorAccessorImpl.newInstance(DelegatingConstructorAccessorImpl.java:45) ~[na:na]
	at java.base/java.lang.reflect.Constructor.newInstanceWithCaller(Constructor.java:499) ~[na:na]
	at java.base/java.lang.reflect.Constructor.newInstance(Constructor.java:480) ~[na:na]
	at org.springframework.beans.BeanUtils.instantiateClass(BeanUtils.java:211) ~[spring-beans-5.3.15.jar:5.3.15]
	... 35 common frames omitted

